Arguments: 
  /usr/local/bin/node /usr/local/Cellar/yarn/1.21.1/libexec/bin/yarn.js

PATH: 
  /usr/local/bin:/usr/bin:/bin:/usr/sbin:/sbin:/usr/local/go/bin:/usr/local/share/dotnet:~/.dotnet/tools:/Library/Frameworks/Mono.framework/Versions/Current/Commands:/Users/pedrosousa/Library/Android/sdk/tools:/Users/pedrosousa/Library/Android/sdk/platform-tools:/Users/pedrosousa/WorkEqual/go/bin:/Users/pedrosousa/Library/Android/sdk/tools:/Users/pedrosousa/Library/Android/sdk/platform-tools:/Users/pedrosousa/WorkEqual/go/bin

Yarn version: 
  1.21.1

Node version: 
  12.14.1

Platform: 
  darwin x64

Trace: 
  SyntaxError: /Users/pedrosousa/Work/Projects/codenames50/package.json: Unexpected token } in JSON at position 230
      at JSON.parse (<anonymous>)
      at /usr/local/Cellar/yarn/1.21.1/libexec/lib/cli.js:1625:59
      at Generator.next (<anonymous>)
      at step (/usr/local/Cellar/yarn/1.21.1/libexec/lib/cli.js:310:30)
      at /usr/local/Cellar/yarn/1.21.1/libexec/lib/cli.js:321:13

npm manifest: 
  {
    "name": "codenames50",
    "version": "1.0.0",
    "private": true,
    "workspaces": [
      "packages/*",
      "apps/*"
    ],
    "license": "MIT",
    "devDependencies": {
      "lerna": "^3.22.1",
      "mongodb-memory-server": "^6.6.1",
    }
  }

yarn manifest: 
  No manifest

Lockfile: 
  No lockfile
